The system is: Linux - 5.19.0-38-generic - x86_64
Compiling the C compiler identification source file "CMakeCCompilerId.c" succeeded.
Compiler: /usr/bin/cc 
Build flags: -fsanitize=undefined;-fsanitize=address;-fsanitize=leak
Id flags:  

The output was:
0


Compilation of the C compiler identification source "CMakeCCompilerId.c" produced "a.out"

The C compiler identification is GNU, found in "/home/leleliu008/python3-setup/build.d/CMakeFiles/3.25.3/CompilerIdC/a.out"

Detecting C compiler ABI info compiled with the following output:
Change Dir: /home/leleliu008/python3-setup/build.d/CMakeFiles/CMakeScratch/TryCompile-5jFBhY

Run Build Command(s):/usr/bin/gmake -f Makefile cmTC_deb7b/fast && /usr/bin/gmake  -f CMakeFiles/cmTC_deb7b.dir/build.make CMakeFiles/cmTC_deb7b.dir/build
gmake[1]: Entering directory '/home/leleliu008/python3-setup/build.d/CMakeFiles/CMakeScratch/TryCompile-5jFBhY'
Building C object CMakeFiles/cmTC_deb7b.dir/CMakeCCompilerABI.c.o
/usr/bin/cc   -fsanitize=undefined -fsanitize=address -fsanitize=leak    -v -o CMakeFiles/cmTC_deb7b.dir/CMakeCCompilerABI.c.o -c /home/linuxbrew/.linuxbrew/Cellar/cmake/3.25.3/share/cmake/Modules/CMakeCCompilerABI.c
Using built-in specs.
COLLECT_GCC=/usr/bin/cc
OFFLOAD_TARGET_NAMES=nvptx-none:amdgcn-amdhsa
OFFLOAD_TARGET_DEFAULT=1
Target: x86_64-linux-gnu
Configured with: ../src/configure -v --with-pkgversion='Ubuntu 12.2.0-3ubuntu1' --with-bugurl=file:///usr/share/doc/gcc-12/README.Bugs --enable-languages=c,ada,c++,go,d,fortran,objc,obj-c++,m2 --prefix=/usr --with-gcc-major-version-only --program-suffix=-12 --program-prefix=x86_64-linux-gnu- --enable-shared --enable-linker-build-id --libexecdir=/usr/lib --without-included-gettext --enable-threads=posix --libdir=/usr/lib --enable-nls --enable-clocale=gnu --enable-libstdcxx-debug --enable-libstdcxx-time=yes --with-default-libstdcxx-abi=new --enable-gnu-unique-object --disable-vtable-verify --enable-plugin --enable-default-pie --with-system-zlib --enable-libphobos-checking=release --with-target-system-zlib=auto --enable-objc-gc=auto --enable-multiarch --disable-werror --enable-cet --with-arch-32=i686 --with-abi=m64 --with-multilib-list=m32,m64,mx32 --enable-multilib --with-tune=generic --enable-offload-targets=nvptx-none=/build/gcc-12-U8K4Qv/gcc-12-12.2.0/debian/tmp-nvptx/usr,amdgcn-amdhsa=/build/gcc-12-U8K4Qv/gcc-12-12.2.0/debian/tmp-gcn/usr --enable-offload-defaulted --without-cuda-driver --enable-checking=release --build=x86_64-linux-gnu --host=x86_64-linux-gnu --target=x86_64-linux-gnu
Thread model: posix
Supported LTO compression algorithms: zlib zstd
gcc version 12.2.0 (Ubuntu 12.2.0-3ubuntu1) 
COLLECT_GCC_OPTIONS='-fsanitize=undefined' '-fsanitize=address' '-fsanitize=leak' '-v' '-o' 'CMakeFiles/cmTC_deb7b.dir/CMakeCCompilerABI.c.o' '-c' '-mtune=generic' '-march=x86-64' '-dumpdir' 'CMakeFiles/cmTC_deb7b.dir/'
 /usr/lib/gcc/x86_64-linux-gnu/12/cc1 -quiet -v -imultiarch x86_64-linux-gnu /home/linuxbrew/.linuxbrew/Cellar/cmake/3.25.3/share/cmake/Modules/CMakeCCompilerABI.c -quiet -dumpdir CMakeFiles/cmTC_deb7b.dir/ -dumpbase CMakeCCompilerABI.c.c -dumpbase-ext .c -mtune=generic -march=x86-64 -version -fsanitize=undefined -fsanitize=address -fsanitize=leak -fasynchronous-unwind-tables -fstack-protector-strong -Wformat -Wformat-security -fstack-clash-protection -fcf-protection -o /tmp/cc382gY2.s
GNU C17 (Ubuntu 12.2.0-3ubuntu1) version 12.2.0 (x86_64-linux-gnu)
	compiled by GNU C version 12.2.0, GMP version 6.2.1, MPFR version 4.1.0, MPC version 1.2.1, isl version isl-0.25-GMP

GGC heuristics: --param ggc-min-expand=100 --param ggc-min-heapsize=131072
ignoring nonexistent directory "/usr/local/include/x86_64-linux-gnu"
ignoring nonexistent directory "/usr/lib/gcc/x86_64-linux-gnu/12/include-fixed"
ignoring nonexistent directory "/usr/lib/gcc/x86_64-linux-gnu/12/../../../../x86_64-linux-gnu/include"
#include "..." search starts here:
#include <...> search starts here:
 /usr/lib/gcc/x86_64-linux-gnu/12/include
 /usr/local/include
 /usr/include/x86_64-linux-gnu
 /usr/include
End of search list.
GNU C17 (Ubuntu 12.2.0-3ubuntu1) version 12.2.0 (x86_64-linux-gnu)
	compiled by GNU C version 12.2.0, GMP version 6.2.1, MPFR version 4.1.0, MPC version 1.2.1, isl version isl-0.25-GMP

GGC heuristics: --param ggc-min-expand=100 --param ggc-min-heapsize=131072
Compiler executable checksum: d2b97d7359ed8c253c6a0abebad2ff2d
COLLECT_GCC_OPTIONS='-fsanitize=undefined' '-fsanitize=address' '-fsanitize=leak' '-v' '-o' 'CMakeFiles/cmTC_deb7b.dir/CMakeCCompilerABI.c.o' '-c' '-mtune=generic' '-march=x86-64' '-dumpdir' 'CMakeFiles/cmTC_deb7b.dir/'
 as -v --64 -o CMakeFiles/cmTC_deb7b.dir/CMakeCCompilerABI.c.o /tmp/cc382gY2.s
GNU assembler version 2.39 (x86_64-linux-gnu) using BFD version (GNU Binutils for Ubuntu) 2.39
COMPILER_PATH=/usr/lib/gcc/x86_64-linux-gnu/12/:/usr/lib/gcc/x86_64-linux-gnu/12/:/usr/lib/gcc/x86_64-linux-gnu/:/usr/lib/gcc/x86_64-linux-gnu/12/:/usr/lib/gcc/x86_64-linux-gnu/
LIBRARY_PATH=/usr/lib/gcc/x86_64-linux-gnu/12/:/usr/lib/gcc/x86_64-linux-gnu/12/../../../x86_64-linux-gnu/:/usr/lib/gcc/x86_64-linux-gnu/12/../../../../lib/:/lib/x86_64-linux-gnu/:/lib/../lib/:/usr/lib/x86_64-linux-gnu/:/usr/lib/../lib/:/usr/lib/gcc/x86_64-linux-gnu/12/../../../:/lib/:/usr/lib/
COLLECT_GCC_OPTIONS='-fsanitize=undefined' '-fsanitize=address' '-fsanitize=leak' '-v' '-o' 'CMakeFiles/cmTC_deb7b.dir/CMakeCCompilerABI.c.o' '-c' '-mtune=generic' '-march=x86-64' '-dumpdir' 'CMakeFiles/cmTC_deb7b.dir/CMakeCCompilerABI.c.'
Linking C executable cmTC_deb7b
/home/linuxbrew/.linuxbrew/Cellar/cmake/3.25.3/bin/cmake -E cmake_link_script CMakeFiles/cmTC_deb7b.dir/link.txt --verbose=1
/usr/bin/cc -fsanitize=undefined -fsanitize=address -fsanitize=leak  -L/home/linuxbrew/.linuxbrew/opt/python@3.10/lib -v CMakeFiles/cmTC_deb7b.dir/CMakeCCompilerABI.c.o -o cmTC_deb7b 
Using built-in specs.
COLLECT_GCC=/usr/bin/cc
COLLECT_LTO_WRAPPER=/usr/lib/gcc/x86_64-linux-gnu/12/lto-wrapper
OFFLOAD_TARGET_NAMES=nvptx-none:amdgcn-amdhsa
OFFLOAD_TARGET_DEFAULT=1
Target: x86_64-linux-gnu
Configured with: ../src/configure -v --with-pkgversion='Ubuntu 12.2.0-3ubuntu1' --with-bugurl=file:///usr/share/doc/gcc-12/README.Bugs --enable-languages=c,ada,c++,go,d,fortran,objc,obj-c++,m2 --prefix=/usr --with-gcc-major-version-only --program-suffix=-12 --program-prefix=x86_64-linux-gnu- --enable-shared --enable-linker-build-id --libexecdir=/usr/lib --without-included-gettext --enable-threads=posix --libdir=/usr/lib --enable-nls --enable-clocale=gnu --enable-libstdcxx-debug --enable-libstdcxx-time=yes --with-default-libstdcxx-abi=new --enable-gnu-unique-object --disable-vtable-verify --enable-plugin --enable-default-pie --with-system-zlib --enable-libphobos-checking=release --with-target-system-zlib=auto --enable-objc-gc=auto --enable-multiarch --disable-werror --enable-cet --with-arch-32=i686 --with-abi=m64 --with-multilib-list=m32,m64,mx32 --enable-multilib --with-tune=generic --enable-offload-targets=nvptx-none=/build/gcc-12-U8K4Qv/gcc-12-12.2.0/debian/tmp-nvptx/usr,amdgcn-amdhsa=/build/gcc-12-U8K4Qv/gcc-12-12.2.0/debian/tmp-gcn/usr --enable-offload-defaulted --without-cuda-driver --enable-checking=release --build=x86_64-linux-gnu --host=x86_64-linux-gnu --target=x86_64-linux-gnu
Thread model: posix
Supported LTO compression algorithms: zlib zstd
gcc version 12.2.0 (Ubuntu 12.2.0-3ubuntu1) 
COMPILER_PATH=/usr/lib/gcc/x86_64-linux-gnu/12/:/usr/lib/gcc/x86_64-linux-gnu/12/:/usr/lib/gcc/x86_64-linux-gnu/:/usr/lib/gcc/x86_64-linux-gnu/12/:/usr/lib/gcc/x86_64-linux-gnu/
LIBRARY_PATH=/usr/lib/gcc/x86_64-linux-gnu/12/:/usr/lib/gcc/x86_64-linux-gnu/12/../../../x86_64-linux-gnu/:/usr/lib/gcc/x86_64-linux-gnu/12/../../../../lib/:/lib/x86_64-linux-gnu/:/lib/../lib/:/usr/lib/x86_64-linux-gnu/:/usr/lib/../lib/:/usr/lib/gcc/x86_64-linux-gnu/12/../../../:/lib/:/usr/lib/
COLLECT_GCC_OPTIONS='-fsanitize=undefined' '-fsanitize=address' '-fsanitize=leak' '-L/home/linuxbrew/.linuxbrew/opt/python@3.10/lib' '-v' '-o' 'cmTC_deb7b' '-mtune=generic' '-march=x86-64' '-dumpdir' 'cmTC_deb7b.'
 /usr/lib/gcc/x86_64-linux-gnu/12/collect2 -plugin /usr/lib/gcc/x86_64-linux-gnu/12/liblto_plugin.so -plugin-opt=/usr/lib/gcc/x86_64-linux-gnu/12/lto-wrapper -plugin-opt=-fresolution=/tmp/ccynGhX9.res -plugin-opt=-pass-through=-lgcc -plugin-opt=-pass-through=-lgcc_s -plugin-opt=-pass-through=-lc -plugin-opt=-pass-through=-lgcc -plugin-opt=-pass-through=-lgcc_s --build-id --eh-frame-hdr -m elf_x86_64 --hash-style=gnu -dynamic-linker /lib64/ld-linux-x86-64.so.2 -pie -z now -z relro -o cmTC_deb7b /usr/lib/gcc/x86_64-linux-gnu/12/../../../x86_64-linux-gnu/Scrt1.o /usr/lib/gcc/x86_64-linux-gnu/12/../../../x86_64-linux-gnu/crti.o /usr/lib/gcc/x86_64-linux-gnu/12/crtbeginS.o -L/home/linuxbrew/.linuxbrew/opt/python@3.10/lib -L/usr/lib/gcc/x86_64-linux-gnu/12 -L/usr/lib/gcc/x86_64-linux-gnu/12/../../../x86_64-linux-gnu -L/usr/lib/gcc/x86_64-linux-gnu/12/../../../../lib -L/lib/x86_64-linux-gnu -L/lib/../lib -L/usr/lib/x86_64-linux-gnu -L/usr/lib/../lib -L/usr/lib/gcc/x86_64-linux-gnu/12/../../.. /usr/lib/gcc/x86_64-linux-gnu/12/libasan_preinit.o --push-state --no-as-needed -lasan --pop-state CMakeFiles/cmTC_deb7b.dir/CMakeCCompilerABI.c.o --push-state --no-as-needed -lubsan --pop-state -lgcc --push-state --as-needed -lgcc_s --pop-state -lc -lgcc --push-state --as-needed -lgcc_s --pop-state /usr/lib/gcc/x86_64-linux-gnu/12/crtendS.o /usr/lib/gcc/x86_64-linux-gnu/12/../../../x86_64-linux-gnu/crtn.o
COLLECT_GCC_OPTIONS='-fsanitize=undefined' '-fsanitize=address' '-fsanitize=leak' '-L/home/linuxbrew/.linuxbrew/opt/python@3.10/lib' '-v' '-o' 'cmTC_deb7b' '-mtune=generic' '-march=x86-64' '-dumpdir' 'cmTC_deb7b.'
gmake[1]: Leaving directory '/home/leleliu008/python3-setup/build.d/CMakeFiles/CMakeScratch/TryCompile-5jFBhY'



Parsed C implicit include dir info from above output: rv=done
  found start of include info
  found start of implicit include info
    add: [/usr/lib/gcc/x86_64-linux-gnu/12/include]
    add: [/usr/local/include]
    add: [/usr/include/x86_64-linux-gnu]
    add: [/usr/include]
  end of search list found
  collapse include dir [/usr/lib/gcc/x86_64-linux-gnu/12/include] ==> [/usr/lib/gcc/x86_64-linux-gnu/12/include]
  collapse include dir [/usr/local/include] ==> [/usr/local/include]
  collapse include dir [/usr/include/x86_64-linux-gnu] ==> [/usr/include/x86_64-linux-gnu]
  collapse include dir [/usr/include] ==> [/usr/include]
  implicit include dirs: [/usr/lib/gcc/x86_64-linux-gnu/12/include;/usr/local/include;/usr/include/x86_64-linux-gnu;/usr/include]


Parsed C implicit link information from above output:
  link line regex: [^( *|.*[/\])(ld|CMAKE_LINK_STARTFILE-NOTFOUND|([^/\]+-)?ld|collect2)[^/\]*( |$)]
  ignore line: [Change Dir: /home/leleliu008/python3-setup/build.d/CMakeFiles/CMakeScratch/TryCompile-5jFBhY]
  ignore line: []
  ignore line: [Run Build Command(s):/usr/bin/gmake -f Makefile cmTC_deb7b/fast && /usr/bin/gmake  -f CMakeFiles/cmTC_deb7b.dir/build.make CMakeFiles/cmTC_deb7b.dir/build]
  ignore line: [gmake[1]: Entering directory '/home/leleliu008/python3-setup/build.d/CMakeFiles/CMakeScratch/TryCompile-5jFBhY']
  ignore line: [Building C object CMakeFiles/cmTC_deb7b.dir/CMakeCCompilerABI.c.o]
  ignore line: [/usr/bin/cc   -fsanitize=undefined -fsanitize=address -fsanitize=leak    -v -o CMakeFiles/cmTC_deb7b.dir/CMakeCCompilerABI.c.o -c /home/linuxbrew/.linuxbrew/Cellar/cmake/3.25.3/share/cmake/Modules/CMakeCCompilerABI.c]
  ignore line: [Using built-in specs.]
  ignore line: [COLLECT_GCC=/usr/bin/cc]
  ignore line: [OFFLOAD_TARGET_NAMES=nvptx-none:amdgcn-amdhsa]
  ignore line: [OFFLOAD_TARGET_DEFAULT=1]
  ignore line: [Target: x86_64-linux-gnu]
  ignore line: [Configured with: ../src/configure -v --with-pkgversion='Ubuntu 12.2.0-3ubuntu1' --with-bugurl=file:///usr/share/doc/gcc-12/README.Bugs --enable-languages=c ada c++ go d fortran objc obj-c++ m2 --prefix=/usr --with-gcc-major-version-only --program-suffix=-12 --program-prefix=x86_64-linux-gnu- --enable-shared --enable-linker-build-id --libexecdir=/usr/lib --without-included-gettext --enable-threads=posix --libdir=/usr/lib --enable-nls --enable-clocale=gnu --enable-libstdcxx-debug --enable-libstdcxx-time=yes --with-default-libstdcxx-abi=new --enable-gnu-unique-object --disable-vtable-verify --enable-plugin --enable-default-pie --with-system-zlib --enable-libphobos-checking=release --with-target-system-zlib=auto --enable-objc-gc=auto --enable-multiarch --disable-werror --enable-cet --with-arch-32=i686 --with-abi=m64 --with-multilib-list=m32 m64 mx32 --enable-multilib --with-tune=generic --enable-offload-targets=nvptx-none=/build/gcc-12-U8K4Qv/gcc-12-12.2.0/debian/tmp-nvptx/usr amdgcn-amdhsa=/build/gcc-12-U8K4Qv/gcc-12-12.2.0/debian/tmp-gcn/usr --enable-offload-defaulted --without-cuda-driver --enable-checking=release --build=x86_64-linux-gnu --host=x86_64-linux-gnu --target=x86_64-linux-gnu]
  ignore line: [Thread model: posix]
  ignore line: [Supported LTO compression algorithms: zlib zstd]
  ignore line: [gcc version 12.2.0 (Ubuntu 12.2.0-3ubuntu1) ]
  ignore line: [COLLECT_GCC_OPTIONS='-fsanitize=undefined' '-fsanitize=address' '-fsanitize=leak' '-v' '-o' 'CMakeFiles/cmTC_deb7b.dir/CMakeCCompilerABI.c.o' '-c' '-mtune=generic' '-march=x86-64' '-dumpdir' 'CMakeFiles/cmTC_deb7b.dir/']
  ignore line: [ /usr/lib/gcc/x86_64-linux-gnu/12/cc1 -quiet -v -imultiarch x86_64-linux-gnu /home/linuxbrew/.linuxbrew/Cellar/cmake/3.25.3/share/cmake/Modules/CMakeCCompilerABI.c -quiet -dumpdir CMakeFiles/cmTC_deb7b.dir/ -dumpbase CMakeCCompilerABI.c.c -dumpbase-ext .c -mtune=generic -march=x86-64 -version -fsanitize=undefined -fsanitize=address -fsanitize=leak -fasynchronous-unwind-tables -fstack-protector-strong -Wformat -Wformat-security -fstack-clash-protection -fcf-protection -o /tmp/cc382gY2.s]
  ignore line: [GNU C17 (Ubuntu 12.2.0-3ubuntu1) version 12.2.0 (x86_64-linux-gnu)]
  ignore line: [	compiled by GNU C version 12.2.0  GMP version 6.2.1  MPFR version 4.1.0  MPC version 1.2.1  isl version isl-0.25-GMP]
  ignore line: []
  ignore line: [GGC heuristics: --param ggc-min-expand=100 --param ggc-min-heapsize=131072]
  ignore line: [ignoring nonexistent directory "/usr/local/include/x86_64-linux-gnu"]
  ignore line: [ignoring nonexistent directory "/usr/lib/gcc/x86_64-linux-gnu/12/include-fixed"]
  ignore line: [ignoring nonexistent directory "/usr/lib/gcc/x86_64-linux-gnu/12/../../../../x86_64-linux-gnu/include"]
  ignore line: [#include "..." search starts here:]
  ignore line: [#include <...> search starts here:]
  ignore line: [ /usr/lib/gcc/x86_64-linux-gnu/12/include]
  ignore line: [ /usr/local/include]
  ignore line: [ /usr/include/x86_64-linux-gnu]
  ignore line: [ /usr/include]
  ignore line: [End of search list.]
  ignore line: [GNU C17 (Ubuntu 12.2.0-3ubuntu1) version 12.2.0 (x86_64-linux-gnu)]
  ignore line: [	compiled by GNU C version 12.2.0  GMP version 6.2.1  MPFR version 4.1.0  MPC version 1.2.1  isl version isl-0.25-GMP]
  ignore line: []
  ignore line: [GGC heuristics: --param ggc-min-expand=100 --param ggc-min-heapsize=131072]
  ignore line: [Compiler executable checksum: d2b97d7359ed8c253c6a0abebad2ff2d]
  ignore line: [COLLECT_GCC_OPTIONS='-fsanitize=undefined' '-fsanitize=address' '-fsanitize=leak' '-v' '-o' 'CMakeFiles/cmTC_deb7b.dir/CMakeCCompilerABI.c.o' '-c' '-mtune=generic' '-march=x86-64' '-dumpdir' 'CMakeFiles/cmTC_deb7b.dir/']
  ignore line: [ as -v --64 -o CMakeFiles/cmTC_deb7b.dir/CMakeCCompilerABI.c.o /tmp/cc382gY2.s]
  ignore line: [GNU assembler version 2.39 (x86_64-linux-gnu) using BFD version (GNU Binutils for Ubuntu) 2.39]
  ignore line: [COMPILER_PATH=/usr/lib/gcc/x86_64-linux-gnu/12/:/usr/lib/gcc/x86_64-linux-gnu/12/:/usr/lib/gcc/x86_64-linux-gnu/:/usr/lib/gcc/x86_64-linux-gnu/12/:/usr/lib/gcc/x86_64-linux-gnu/]
  ignore line: [LIBRARY_PATH=/usr/lib/gcc/x86_64-linux-gnu/12/:/usr/lib/gcc/x86_64-linux-gnu/12/../../../x86_64-linux-gnu/:/usr/lib/gcc/x86_64-linux-gnu/12/../../../../lib/:/lib/x86_64-linux-gnu/:/lib/../lib/:/usr/lib/x86_64-linux-gnu/:/usr/lib/../lib/:/usr/lib/gcc/x86_64-linux-gnu/12/../../../:/lib/:/usr/lib/]
  ignore line: [COLLECT_GCC_OPTIONS='-fsanitize=undefined' '-fsanitize=address' '-fsanitize=leak' '-v' '-o' 'CMakeFiles/cmTC_deb7b.dir/CMakeCCompilerABI.c.o' '-c' '-mtune=generic' '-march=x86-64' '-dumpdir' 'CMakeFiles/cmTC_deb7b.dir/CMakeCCompilerABI.c.']
  ignore line: [Linking C executable cmTC_deb7b]
  ignore line: [/home/linuxbrew/.linuxbrew/Cellar/cmake/3.25.3/bin/cmake -E cmake_link_script CMakeFiles/cmTC_deb7b.dir/link.txt --verbose=1]
  ignore line: [/usr/bin/cc -fsanitize=undefined -fsanitize=address -fsanitize=leak  -L/home/linuxbrew/.linuxbrew/opt/python@3.10/lib -v CMakeFiles/cmTC_deb7b.dir/CMakeCCompilerABI.c.o -o cmTC_deb7b ]
  ignore line: [Using built-in specs.]
  ignore line: [COLLECT_GCC=/usr/bin/cc]
  ignore line: [COLLECT_LTO_WRAPPER=/usr/lib/gcc/x86_64-linux-gnu/12/lto-wrapper]
  ignore line: [OFFLOAD_TARGET_NAMES=nvptx-none:amdgcn-amdhsa]
  ignore line: [OFFLOAD_TARGET_DEFAULT=1]
  ignore line: [Target: x86_64-linux-gnu]
  ignore line: [Configured with: ../src/configure -v --with-pkgversion='Ubuntu 12.2.0-3ubuntu1' --with-bugurl=file:///usr/share/doc/gcc-12/README.Bugs --enable-languages=c ada c++ go d fortran objc obj-c++ m2 --prefix=/usr --with-gcc-major-version-only --program-suffix=-12 --program-prefix=x86_64-linux-gnu- --enable-shared --enable-linker-build-id --libexecdir=/usr/lib --without-included-gettext --enable-threads=posix --libdir=/usr/lib --enable-nls --enable-clocale=gnu --enable-libstdcxx-debug --enable-libstdcxx-time=yes --with-default-libstdcxx-abi=new --enable-gnu-unique-object --disable-vtable-verify --enable-plugin --enable-default-pie --with-system-zlib --enable-libphobos-checking=release --with-target-system-zlib=auto --enable-objc-gc=auto --enable-multiarch --disable-werror --enable-cet --with-arch-32=i686 --with-abi=m64 --with-multilib-list=m32 m64 mx32 --enable-multilib --with-tune=generic --enable-offload-targets=nvptx-none=/build/gcc-12-U8K4Qv/gcc-12-12.2.0/debian/tmp-nvptx/usr amdgcn-amdhsa=/build/gcc-12-U8K4Qv/gcc-12-12.2.0/debian/tmp-gcn/usr --enable-offload-defaulted --without-cuda-driver --enable-checking=release --build=x86_64-linux-gnu --host=x86_64-linux-gnu --target=x86_64-linux-gnu]
  ignore line: [Thread model: posix]
  ignore line: [Supported LTO compression algorithms: zlib zstd]
  ignore line: [gcc version 12.2.0 (Ubuntu 12.2.0-3ubuntu1) ]
  ignore line: [COMPILER_PATH=/usr/lib/gcc/x86_64-linux-gnu/12/:/usr/lib/gcc/x86_64-linux-gnu/12/:/usr/lib/gcc/x86_64-linux-gnu/:/usr/lib/gcc/x86_64-linux-gnu/12/:/usr/lib/gcc/x86_64-linux-gnu/]
  ignore line: [LIBRARY_PATH=/usr/lib/gcc/x86_64-linux-gnu/12/:/usr/lib/gcc/x86_64-linux-gnu/12/../../../x86_64-linux-gnu/:/usr/lib/gcc/x86_64-linux-gnu/12/../../../../lib/:/lib/x86_64-linux-gnu/:/lib/../lib/:/usr/lib/x86_64-linux-gnu/:/usr/lib/../lib/:/usr/lib/gcc/x86_64-linux-gnu/12/../../../:/lib/:/usr/lib/]
  ignore line: [COLLECT_GCC_OPTIONS='-fsanitize=undefined' '-fsanitize=address' '-fsanitize=leak' '-L/home/linuxbrew/.linuxbrew/opt/python@3.10/lib' '-v' '-o' 'cmTC_deb7b' '-mtune=generic' '-march=x86-64' '-dumpdir' 'cmTC_deb7b.']
  link line: [ /usr/lib/gcc/x86_64-linux-gnu/12/collect2 -plugin /usr/lib/gcc/x86_64-linux-gnu/12/liblto_plugin.so -plugin-opt=/usr/lib/gcc/x86_64-linux-gnu/12/lto-wrapper -plugin-opt=-fresolution=/tmp/ccynGhX9.res -plugin-opt=-pass-through=-lgcc -plugin-opt=-pass-through=-lgcc_s -plugin-opt=-pass-through=-lc -plugin-opt=-pass-through=-lgcc -plugin-opt=-pass-through=-lgcc_s --build-id --eh-frame-hdr -m elf_x86_64 --hash-style=gnu -dynamic-linker /lib64/ld-linux-x86-64.so.2 -pie -z now -z relro -o cmTC_deb7b /usr/lib/gcc/x86_64-linux-gnu/12/../../../x86_64-linux-gnu/Scrt1.o /usr/lib/gcc/x86_64-linux-gnu/12/../../../x86_64-linux-gnu/crti.o /usr/lib/gcc/x86_64-linux-gnu/12/crtbeginS.o -L/home/linuxbrew/.linuxbrew/opt/python@3.10/lib -L/usr/lib/gcc/x86_64-linux-gnu/12 -L/usr/lib/gcc/x86_64-linux-gnu/12/../../../x86_64-linux-gnu -L/usr/lib/gcc/x86_64-linux-gnu/12/../../../../lib -L/lib/x86_64-linux-gnu -L/lib/../lib -L/usr/lib/x86_64-linux-gnu -L/usr/lib/../lib -L/usr/lib/gcc/x86_64-linux-gnu/12/../../.. /usr/lib/gcc/x86_64-linux-gnu/12/libasan_preinit.o --push-state --no-as-needed -lasan --pop-state CMakeFiles/cmTC_deb7b.dir/CMakeCCompilerABI.c.o --push-state --no-as-needed -lubsan --pop-state -lgcc --push-state --as-needed -lgcc_s --pop-state -lc -lgcc --push-state --as-needed -lgcc_s --pop-state /usr/lib/gcc/x86_64-linux-gnu/12/crtendS.o /usr/lib/gcc/x86_64-linux-gnu/12/../../../x86_64-linux-gnu/crtn.o]
    arg [/usr/lib/gcc/x86_64-linux-gnu/12/collect2] ==> ignore
    arg [-plugin] ==> ignore
    arg [/usr/lib/gcc/x86_64-linux-gnu/12/liblto_plugin.so] ==> ignore
    arg [-plugin-opt=/usr/lib/gcc/x86_64-linux-gnu/12/lto-wrapper] ==> ignore
    arg [-plugin-opt=-fresolution=/tmp/ccynGhX9.res] ==> ignore
    arg [-plugin-opt=-pass-through=-lgcc] ==> ignore
    arg [-plugin-opt=-pass-through=-lgcc_s] ==> ignore
    arg [-plugin-opt=-pass-through=-lc] ==> ignore
    arg [-plugin-opt=-pass-through=-lgcc] ==> ignore
    arg [-plugin-opt=-pass-through=-lgcc_s] ==> ignore
    arg [--build-id] ==> ignore
    arg [--eh-frame-hdr] ==> ignore
    arg [-m] ==> ignore
    arg [elf_x86_64] ==> ignore
    arg [--hash-style=gnu] ==> ignore
    arg [-dynamic-linker] ==> ignore
    arg [/lib64/ld-linux-x86-64.so.2] ==> ignore
    arg [-pie] ==> ignore
    arg [-znow] ==> ignore
    arg [-zrelro] ==> ignore
    arg [-o] ==> ignore
    arg [cmTC_deb7b] ==> ignore
    arg [/usr/lib/gcc/x86_64-linux-gnu/12/../../../x86_64-linux-gnu/Scrt1.o] ==> obj [/usr/lib/gcc/x86_64-linux-gnu/12/../../../x86_64-linux-gnu/Scrt1.o]
    arg [/usr/lib/gcc/x86_64-linux-gnu/12/../../../x86_64-linux-gnu/crti.o] ==> obj [/usr/lib/gcc/x86_64-linux-gnu/12/../../../x86_64-linux-gnu/crti.o]
    arg [/usr/lib/gcc/x86_64-linux-gnu/12/crtbeginS.o] ==> obj [/usr/lib/gcc/x86_64-linux-gnu/12/crtbeginS.o]
    arg [-L/home/linuxbrew/.linuxbrew/opt/python@3.10/lib] ==> dir [/home/linuxbrew/.linuxbrew/opt/python@3.10/lib]
    arg [-L/usr/lib/gcc/x86_64-linux-gnu/12] ==> dir [/usr/lib/gcc/x86_64-linux-gnu/12]
    arg [-L/usr/lib/gcc/x86_64-linux-gnu/12/../../../x86_64-linux-gnu] ==> dir [/usr/lib/gcc/x86_64-linux-gnu/12/../../../x86_64-linux-gnu]
    arg [-L/usr/lib/gcc/x86_64-linux-gnu/12/../../../../lib] ==> dir [/usr/lib/gcc/x86_64-linux-gnu/12/../../../../lib]
    arg [-L/lib/x86_64-linux-gnu] ==> dir [/lib/x86_64-linux-gnu]
    arg [-L/lib/../lib] ==> dir [/lib/../lib]
    arg [-L/usr/lib/x86_64-linux-gnu] ==> dir [/usr/lib/x86_64-linux-gnu]
    arg [-L/usr/lib/../lib] ==> dir [/usr/lib/../lib]
    arg [-L/usr/lib/gcc/x86_64-linux-gnu/12/../../..] ==> dir [/usr/lib/gcc/x86_64-linux-gnu/12/../../..]
    arg [/usr/lib/gcc/x86_64-linux-gnu/12/libasan_preinit.o] ==> obj [/usr/lib/gcc/x86_64-linux-gnu/12/libasan_preinit.o]
    arg [--push-state] ==> ignore
    arg [--no-as-needed] ==> ignore
    arg [-lasan] ==> lib [asan]
    arg [--pop-state] ==> ignore
    arg [CMakeFiles/cmTC_deb7b.dir/CMakeCCompilerABI.c.o] ==> ignore
    arg [--push-state] ==> ignore
    arg [--no-as-needed] ==> ignore
    arg [-lubsan] ==> lib [ubsan]
    arg [--pop-state] ==> ignore
    arg [-lgcc] ==> lib [gcc]
    arg [--push-state] ==> ignore
    arg [--as-needed] ==> ignore
    arg [-lgcc_s] ==> lib [gcc_s]
    arg [--pop-state] ==> ignore
    arg [-lc] ==> lib [c]
    arg [-lgcc] ==> lib [gcc]
    arg [--push-state] ==> ignore
    arg [--as-needed] ==> ignore
    arg [-lgcc_s] ==> lib [gcc_s]
    arg [--pop-state] ==> ignore
    arg [/usr/lib/gcc/x86_64-linux-gnu/12/crtendS.o] ==> obj [/usr/lib/gcc/x86_64-linux-gnu/12/crtendS.o]
    arg [/usr/lib/gcc/x86_64-linux-gnu/12/../../../x86_64-linux-gnu/crtn.o] ==> obj [/usr/lib/gcc/x86_64-linux-gnu/12/../../../x86_64-linux-gnu/crtn.o]
  collapse obj [/usr/lib/gcc/x86_64-linux-gnu/12/../../../x86_64-linux-gnu/Scrt1.o] ==> [/usr/lib/x86_64-linux-gnu/Scrt1.o]
  collapse obj [/usr/lib/gcc/x86_64-linux-gnu/12/../../../x86_64-linux-gnu/crti.o] ==> [/usr/lib/x86_64-linux-gnu/crti.o]
  collapse obj [/usr/lib/gcc/x86_64-linux-gnu/12/../../../x86_64-linux-gnu/crtn.o] ==> [/usr/lib/x86_64-linux-gnu/crtn.o]
  collapse library dir [/home/linuxbrew/.linuxbrew/opt/python@3.10/lib] ==> [/home/linuxbrew/.linuxbrew/opt/python@3.10/lib]
  collapse library dir [/usr/lib/gcc/x86_64-linux-gnu/12] ==> [/usr/lib/gcc/x86_64-linux-gnu/12]
  collapse library dir [/usr/lib/gcc/x86_64-linux-gnu/12/../../../x86_64-linux-gnu] ==> [/usr/lib/x86_64-linux-gnu]
  collapse library dir [/usr/lib/gcc/x86_64-linux-gnu/12/../../../../lib] ==> [/usr/lib]
  collapse library dir [/lib/x86_64-linux-gnu] ==> [/lib/x86_64-linux-gnu]
  collapse library dir [/lib/../lib] ==> [/lib]
  collapse library dir [/usr/lib/x86_64-linux-gnu] ==> [/usr/lib/x86_64-linux-gnu]
  collapse library dir [/usr/lib/../lib] ==> [/usr/lib]
  collapse library dir [/usr/lib/gcc/x86_64-linux-gnu/12/../../..] ==> [/usr/lib]
  implicit libs: [asan;ubsan;gcc;gcc_s;c;gcc;gcc_s]
  implicit objs: [/usr/lib/x86_64-linux-gnu/Scrt1.o;/usr/lib/x86_64-linux-gnu/crti.o;/usr/lib/gcc/x86_64-linux-gnu/12/crtbeginS.o;/usr/lib/gcc/x86_64-linux-gnu/12/libasan_preinit.o;/usr/lib/gcc/x86_64-linux-gnu/12/crtendS.o;/usr/lib/x86_64-linux-gnu/crtn.o]
  implicit dirs: [/home/linuxbrew/.linuxbrew/opt/python@3.10/lib;/usr/lib/gcc/x86_64-linux-gnu/12;/usr/lib/x86_64-linux-gnu;/usr/lib;/lib/x86_64-linux-gnu;/lib]
  implicit fwks: []


Determining if files linux/limits.h exist passed with the following output:
Change Dir: /home/leleliu008/python3-setup/build.d/CMakeFiles/CMakeScratch/TryCompile-rlVCZz

Run Build Command(s):/usr/bin/gmake -f Makefile cmTC_a2d6f/fast && /usr/bin/gmake  -f CMakeFiles/cmTC_a2d6f.dir/build.make CMakeFiles/cmTC_a2d6f.dir/build
gmake[1]: Entering directory '/home/leleliu008/python3-setup/build.d/CMakeFiles/CMakeScratch/TryCompile-rlVCZz'
Building C object CMakeFiles/cmTC_a2d6f.dir/HAVE_LINUX_LIMITS_H.c.o
/usr/bin/cc   -L/home/leleliu008/.vcpkg/root/installed/x64-linux/lib -fsanitize=undefined -fsanitize=address -fsanitize=leak  -o CMakeFiles/cmTC_a2d6f.dir/HAVE_LINUX_LIMITS_H.c.o -c /home/leleliu008/python3-setup/build.d/CMakeFiles/CMakeScratch/TryCompile-rlVCZz/HAVE_LINUX_LIMITS_H.c
Linking C executable cmTC_a2d6f
/home/linuxbrew/.linuxbrew/Cellar/cmake/3.25.3/bin/cmake -E cmake_link_script CMakeFiles/cmTC_a2d6f.dir/link.txt --verbose=1
/usr/bin/cc -L/home/leleliu008/.vcpkg/root/installed/x64-linux/lib -fsanitize=undefined -fsanitize=address -fsanitize=leak  -L/home/linuxbrew/.linuxbrew/opt/python@3.10/lib  CMakeFiles/cmTC_a2d6f.dir/HAVE_LINUX_LIMITS_H.c.o -o cmTC_a2d6f 
gmake[1]: Leaving directory '/home/leleliu008/python3-setup/build.d/CMakeFiles/CMakeScratch/TryCompile-rlVCZz'



Performing C SOURCE FILE Test CMAKE_HAVE_LIBC_PTHREAD succeeded with the following output:
Change Dir: /home/leleliu008/python3-setup/build.d/CMakeFiles/CMakeScratch/TryCompile-OrR0KM

Run Build Command(s):/usr/bin/gmake -f Makefile cmTC_c5a7d/fast && /usr/bin/gmake  -f CMakeFiles/cmTC_c5a7d.dir/build.make CMakeFiles/cmTC_c5a7d.dir/build
gmake[1]: Entering directory '/home/leleliu008/python3-setup/build.d/CMakeFiles/CMakeScratch/TryCompile-OrR0KM'
Building C object CMakeFiles/cmTC_c5a7d.dir/src.c.o
/usr/bin/cc -DCMAKE_HAVE_LIBC_PTHREAD  -L/home/leleliu008/.vcpkg/root/installed/x64-linux/lib -fsanitize=undefined -fsanitize=address -fsanitize=leak  -o CMakeFiles/cmTC_c5a7d.dir/src.c.o -c /home/leleliu008/python3-setup/build.d/CMakeFiles/CMakeScratch/TryCompile-OrR0KM/src.c
Linking C executable cmTC_c5a7d
/home/linuxbrew/.linuxbrew/Cellar/cmake/3.25.3/bin/cmake -E cmake_link_script CMakeFiles/cmTC_c5a7d.dir/link.txt --verbose=1
/usr/bin/cc -L/home/leleliu008/.vcpkg/root/installed/x64-linux/lib -fsanitize=undefined -fsanitize=address -fsanitize=leak  -L/home/linuxbrew/.linuxbrew/opt/python@3.10/lib  CMakeFiles/cmTC_c5a7d.dir/src.c.o -o cmTC_c5a7d 
gmake[1]: Leaving directory '/home/leleliu008/python3-setup/build.d/CMakeFiles/CMakeScratch/TryCompile-OrR0KM'


Source file was:
#include <pthread.h>

static void* test_func(void* data)
{
  return data;
}

int main(void)
{
  pthread_t thread;
  pthread_create(&thread, NULL, test_func, NULL);
  pthread_detach(thread);
  pthread_cancel(thread);
  pthread_join(thread, NULL);
  pthread_atfork(NULL, NULL, NULL);
  pthread_exit(NULL);

  return 0;
}


Determining if the BZ2_bzCompressInit exist passed with the following output:
Change Dir: /home/leleliu008/python3-setup/build.d/CMakeFiles/CMakeScratch/TryCompile-pQVaDE

Run Build Command(s):/usr/bin/gmake -f Makefile cmTC_44fbb/fast && /usr/bin/gmake  -f CMakeFiles/cmTC_44fbb.dir/build.make CMakeFiles/cmTC_44fbb.dir/build
gmake[1]: Entering directory '/home/leleliu008/python3-setup/build.d/CMakeFiles/CMakeScratch/TryCompile-pQVaDE'
Building C object CMakeFiles/cmTC_44fbb.dir/CheckSymbolExists.c.o
/usr/bin/cc  -I/home/leleliu008/.vcpkg/root/installed/x64-linux/include -L/home/leleliu008/.vcpkg/root/installed/x64-linux/lib -fsanitize=undefined -fsanitize=address -fsanitize=leak  -o CMakeFiles/cmTC_44fbb.dir/CheckSymbolExists.c.o -c /home/leleliu008/python3-setup/build.d/CMakeFiles/CMakeScratch/TryCompile-pQVaDE/CheckSymbolExists.c
Linking C executable cmTC_44fbb
/home/linuxbrew/.linuxbrew/Cellar/cmake/3.25.3/bin/cmake -E cmake_link_script CMakeFiles/cmTC_44fbb.dir/link.txt --verbose=1
/usr/bin/cc -L/home/leleliu008/.vcpkg/root/installed/x64-linux/lib -fsanitize=undefined -fsanitize=address -fsanitize=leak  -L/home/linuxbrew/.linuxbrew/opt/python@3.10/lib  CMakeFiles/cmTC_44fbb.dir/CheckSymbolExists.c.o -o cmTC_44fbb  /home/leleliu008/.vcpkg/root/installed/x64-linux/lib/libbz2.a 
gmake[1]: Leaving directory '/home/leleliu008/python3-setup/build.d/CMakeFiles/CMakeScratch/TryCompile-pQVaDE'


File CheckSymbolExists.c:
/* */
#include <bzlib.h>

int main(int argc, char** argv)
{
  (void)argv;
#ifndef BZ2_bzCompressInit
  return ((int*)(&BZ2_bzCompressInit))[argc];
#else
  (void)argc;
  return 0;
#endif
}

Performing C SOURCE FILE Test Iconv_IS_BUILT_IN succeeded with the following output:
Change Dir: /home/leleliu008/python3-setup/build.d/CMakeFiles/CMakeScratch/TryCompile-iul94F

Run Build Command(s):/usr/bin/gmake -f Makefile cmTC_3fc02/fast && /usr/bin/gmake  -f CMakeFiles/cmTC_3fc02.dir/build.make CMakeFiles/cmTC_3fc02.dir/build
gmake[1]: Entering directory '/home/leleliu008/python3-setup/build.d/CMakeFiles/CMakeScratch/TryCompile-iul94F'
Building C object CMakeFiles/cmTC_3fc02.dir/src.c.o
/usr/bin/cc -DIconv_IS_BUILT_IN  -L/home/leleliu008/.vcpkg/root/installed/x64-linux/lib -fsanitize=undefined -fsanitize=address -fsanitize=leak  -o CMakeFiles/cmTC_3fc02.dir/src.c.o -c /home/leleliu008/python3-setup/build.d/CMakeFiles/CMakeScratch/TryCompile-iul94F/src.c
Linking C executable cmTC_3fc02
/home/linuxbrew/.linuxbrew/Cellar/cmake/3.25.3/bin/cmake -E cmake_link_script CMakeFiles/cmTC_3fc02.dir/link.txt --verbose=1
/usr/bin/cc -L/home/leleliu008/.vcpkg/root/installed/x64-linux/lib -fsanitize=undefined -fsanitize=address -fsanitize=leak  -L/home/linuxbrew/.linuxbrew/opt/python@3.10/lib  CMakeFiles/cmTC_3fc02.dir/src.c.o -o cmTC_3fc02 
gmake[1]: Leaving directory '/home/leleliu008/python3-setup/build.d/CMakeFiles/CMakeScratch/TryCompile-iul94F'


Source file was:

      #include <stddef.h>
      #include <iconv.h>
      int main() {
        char *a, *b;
        size_t i, j;
        iconv_t ic;
        ic = iconv_open("to", "from");
        iconv(ic, &a, &i, &b, &j);
        iconv_close(ic);
      }
      

